-------------------------------------------------------------------------------
Test set: com.vytrack.runners.FailedTestRunner
-------------------------------------------------------------------------------
Tests run: 1, Failures: 1, Errors: 0, Skipped: 0, Time elapsed: 38.891 s <<< FAILURE! - in com.vytrack.runners.FailedTestRunner
Sales Manager user(Account Types)  Time elapsed: 38.849 s  <<< FAILURE!
java.lang.AssertionError

